0 verbose cli /usr/local/bin/node /usr/local/bin/npm
1 info using npm@9.4.0
2 info using node@v19.6.1
3 timing npm:load:whichnode Completed in 2ms
4 timing config:load:defaults Completed in 1ms
5 timing config:load:file:/usr/local/lib/node_modules/npm/npmrc Completed in 1ms
6 timing config:load:builtin Completed in 1ms
7 timing config:load:cli Completed in 1ms
8 timing config:load:env Completed in 0ms
9 timing config:load:file:/usr/src/app/.npmrc Completed in 0ms
10 timing config:load:project Completed in 15ms
11 timing config:load:file:/root/.npmrc Completed in 1ms
12 timing config:load:user Completed in 1ms
13 timing config:load:file:/usr/local/etc/npmrc Completed in 0ms
14 timing config:load:global Completed in 1ms
15 timing config:load:setEnvs Completed in 0ms
16 timing config:load Completed in 21ms
17 timing npm:load:configload Completed in 21ms
18 timing npm:load:mkdirpcache Completed in 1ms
19 timing npm:load:mkdirplogs Completed in 1ms
20 verbose title npm run dev
21 verbose argv "run" "dev"
22 timing npm:load:setTitle Completed in 1ms
23 timing config:load:flatten Completed in 2ms
24 timing npm:load:display Completed in 2ms
25 verbose logfile logs-max:10 dir:/usr/src/app/.npm/_logs/2025-01-16T22_05_22_296Z-
26 verbose logfile /usr/src/app/.npm/_logs/2025-01-16T22_05_22_296Z-debug-0.log
27 timing npm:load:logFile Completed in 17ms
28 timing npm:load:timers Completed in 0ms
29 timing npm:load:configScope Completed in 0ms
30 timing npm:load Completed in 47ms
31 silly logfile done cleaning log files
32 timing command:run Completed in 8ms
33 verbose stack Error: ENOENT: no such file or directory, open '/usr/src/app/package.json'
34 verbose cwd /usr/src/app
35 verbose Linux 6.10.14-linuxkit
36 verbose node v19.6.1
37 verbose npm  v9.4.0
38 error code ENOENT
39 error syscall open
40 error path /usr/src/app/package.json
41 error errno -2
42 error enoent ENOENT: no such file or directory, open '/usr/src/app/package.json'
43 error enoent This is related to npm not being able to find a file.
43 error enoent
44 verbose exit -2
45 timing npm Completed in 69ms
46 verbose code -2
47 error A complete log of this run can be found in:
47 error     /usr/src/app/.npm/_logs/2025-01-16T22_05_22_296Z-debug-0.log
